LockTemplate_tdlr/proguard/seeds.txt
android.support.v4.text.TextDirectionHeuristicsCompat
android.support.v4.text.TextDirectionHeuristicsCompat: TextDirectionHeuristicsCompat()
android.support.v4.text.TextDirectionHeuristicsCompat$1
android.support.v4.text.TextDirectionHeuristicsCompat$AnyStrong
android.support.v4.text.TextDirectionHeuristicsCompat$AnyStrong: int checkRtl(java.lang.CharSequence,int,int)
android.support.v4.text.TextDirectionHeuristicsCompat$FirstStrong
android.support.v4.text.TextDirectionHeuristicsCompat$FirstStrong: int checkRtl(java.lang.CharSequence,int,int)
android.support.v4.text.TextDirectionHeuristicsCompat$TextDirectionAlgorithm
android.support.v4.text.TextDirectionHeuristicsCompat$TextDirectionAlgorithm: int checkRtl(java.lang.CharSequence,int,int)
android.support.v4.text.TextDirectionHeuristicsCompat$TextDirectionHeuristicImpl
android.support.v4.text.TextDirectionHeuristicsCompat$TextDirectionHeuristicImpl: TextDirectionHeuristicsCompat$TextDirectionHeuristicImpl(android.support.v4.text.TextDirectionHeuristicsCompat$TextDirectionAlgorithm)
android.support.v4.text.TextDirectionHeuristicsCompat$TextDirectionHeuristicImpl: boolean isRtl(char[],int,int)
android.support.v4.text.TextDirectionHeuristicsCompat$TextDirectionHeuristicImpl: boolean isRtl(java.lang.CharSequence,int,int)
android.support.v4.text.TextDirectionHeuristicsCompat$TextDirectionHeuristicInternal
android.support.v4.text.TextDirectionHeuristicsCompat$TextDirectionHeuristicLocale
android.support.v4.text.TextDirectionHeuristicsCompat$TextDirectionHeuristicLocale: TextDirectionHeuristicsCompat$TextDirectionHeuristicLocale()
android.support.v4.text.TextUtilsCompat
android.support.v4.text.TextUtilsCompat: TextUtilsCompat()
android.support.v4.text.TextUtilsCompat: java.lang.String htmlEncode(java.lang.String)
android.support.v4.text.TextUtilsCompat: int getLayoutDirectionFromLocale(java.util.Locale)
android.support.v4.util.ArrayMap
android.support.v4.util.ArrayMap: ArrayMap()
android.support.v4.util.ArrayMap: ArrayMap(int)
android.support.v4.util.ArrayMap: ArrayMap(android.support.v4.util.SimpleArrayMap)
android.support.v4.util.ArrayMap: boolean containsAll(java.util.Collection)
android.support.v4.util.ArrayMap: void putAll(java.util.Map)
android.support.v4.util.ArrayMap: boolean removeAll(java.util.Collection)
android.support.v4.util.ArrayMap: boolean retainAll(java.util.Collection)
android.support.v4.util.ArrayMap: java.util.Set entrySet()
android.support.v4.util.ArrayMap: java.util.Set keySet()
android.support.v4.util.ArrayMap: java.util.Collection values()
android.support.v4.util.ArrayMap$1
android.support.v4.util.AtomicFile
android.support.v4.util.AtomicFile: AtomicFile(java.io.File)
android.support.v4.util.AtomicFile: java.io.File getBaseFile()
android.support.v4.util.AtomicFile: void delete()
android.support.v4.util.AtomicFile: java.io.FileOutputStream startWrite()
android.support.v4.util.AtomicFile: void finishWrite(java.io.FileOutputStream)
android.support.v4.util.AtomicFile: void failWrite(java.io.FileOutputStream)
android.support.v4.util.AtomicFile: java.io.FileInputStream openRead()
android.support.v4.util.AtomicFile: byte[] readFully()
android.support.v4.util.CircularArray
android.support.v4.util.CircularArray: CircularArray()
android.support.v4.util.CircularArray: CircularArray(int)
android.support.v4.util.CircularArray: void addFirst(java.lang.Object)
android.support.v4.util.CircularArray: void addLast(java.lang.Object)
android.support.v4.util.CircularArray: java.lang.Object popFirst()
android.support.v4.util.CircularArray: java.lang.Object popLast()
android.support.v4.util.CircularArray: java.lang.Object getFirst()
android.support.v4.util.CircularArray: java.lang.Object getLast()
android.support.v4.util.CircularArray: java.lang.Object get(int)
android.support.v4.util.CircularArray: int size()
android.support.v4.util.CircularArray: boolean isEmpty()