LockTemplate_tdlr/proguard/mapping.txt
android.support.v4.app.INotificationSideChannel$Stub -> android.support.v4.app.INotificationSideChannel$Stub:
    android.support.v4.app.INotificationSideChannel asInterface(android.os.IBinder) -> asInterface
    android.os.IBinder asBinder() -> asBinder
    boolean onTransact(int,android.os.Parcel,android.os.Parcel,int) -> onTransact
android.support.v4.app.INotificationSideChannel$Stub$Proxy -> android.support.v4.app.INotificationSideChannel$Stub$Proxy:
    android.os.IBinder mRemote -> a
    android.os.IBinder asBinder() -> asBinder
    java.lang.String getInterfaceDescriptor() -> getInterfaceDescriptor
    void notify(java.lang.String,int,java.lang.String,android.app.Notification) -> notify
    void cancel(java.lang.String,int,java.lang.String) -> cancel
    void cancelAll(java.lang.String) -> cancelAll
android.support.v4.app.ListFragment -> android.support.v4.app.ListFragment:
    android.os.Handler mHandler -> i
    java.lang.Runnable mRequestFocus -> Y
    android.widget.AdapterView$OnItemClickListener mOnClickListener -> Z
    android.widget.ListAdapter mAdapter -> a
    android.widget.ListView mList -> b
    android.view.View mEmptyView -> c
    android.widget.TextView mStandardEmptyView -> d
    android.view.View mProgressContainer -> e
    android.view.View mListContainer -> f
    java.lang.CharSequence mEmptyText -> g
    boolean mListShown -> h
    android.view.View onCreateView(android.view.LayoutInflater,android.view.ViewGroup,android.os.Bundle) -> onCreateView
    void onViewCreated(android.view.View,android.os.Bundle) -> onViewCreated
    void onDestroyView() -> onDestroyView
    void onListItemClick(android.widget.ListView,android.view.View,int,long) -> onListItemClick
    void setListAdapter(android.widget.ListAdapter) -> setListAdapter
    void setSelection(int) -> setSelection
    int getSelectedItemPosition() -> getSelectedItemPosition
    long getSelectedItemId() -> getSelectedItemId
    android.widget.ListView getListView() -> getListView
    void setEmptyText(java.lang.CharSequence) -> setEmptyText
    void setListShown(boolean) -> setListShown
    void setListShownNoAnimation(boolean) -> setListShownNoAnimation
    void setListShown(boolean,boolean) -> a
    android.widget.ListAdapter getListAdapter() -> getListAdapter
    void ensureList() -> k
android.support.v4.app.ListFragment$1 -> android.support.v4.app.ListFragment$1:
    android.support.v4.app.ListFragment this$0 -> a
    void run() -> run
android.support.v4.app.ListFragment$2 -> android.support.v4.app.ListFragment$2:
    android.support.v4.app.ListFragment this$0 -> a
    void onItemClick(android.widget.AdapterView,android.view.View,int,long) -> onItemClick
android.support.v4.app.LoaderManager -> android.support.v4.app.LoaderManager:
    android.support.v4.content.Loader initLoader(int,android.os.Bundle,android.support.v4.app.LoaderManager$LoaderCallbacks) -> initLoader
    android.support.v4.content.Loader restartLoader(int,android.os.Bundle,android.support.v4.app.LoaderManager$LoaderCallbacks) -> restartLoader
    void destroyLoader(int) -> destroyLoader
    android.support.v4.content.Loader getLoader(int) -> getLoader
    void dump(java.lang.String,java.io.FileDescriptor,java.io.PrintWriter,java.lang.String[]) -> dump
    void enableDebugLogging(boolean) -> enableDebugLogging
    boolean hasRunningLoaders() -> hasRunningLoaders
android.support.v4.app.LoaderManager$LoaderCallbacks -> android.support.v4.app.LoaderManager$LoaderCallbacks:
    android.support.v4.content.Loader onCreateLoader(int,android.os.Bundle) -> onCreateLoader
    void onLoadFinished(android.support.v4.content.Loader,java.lang.Object) -> onLoadFinished
    void onLoaderReset(android.support.v4.content.Loader) -> onLoaderReset