LockTemplate_tdlr/proguard/usage.txt
android.annotation.SuppressLint
android.annotation.TargetApi
android.support.annotation.AnimRes
android.support.annotation.AnimatorRes
android.support.annotation.AnyRes
android.support.annotation.ArrayRes
android.support.annotation.AttrRes
android.support.annotation.BoolRes
android.support.annotation.ColorRes
android.support.annotation.DimenRes
android.support.annotation.DrawableRes
android.support.annotation.FractionRes
android.support.annotation.IdRes
android.support.annotation.IntDef
android.support.annotation.IntegerRes
android.support.annotation.InterpolatorRes
android.support.annotation.LayoutRes
android.support.annotation.MenuRes
android.support.annotation.NonNull
android.support.annotation.Nullable
android.support.annotation.PluralsRes
android.support.annotation.RawRes
android.support.annotation.StringDef
android.support.annotation.StringRes
android.support.annotation.StyleRes
android.support.annotation.StyleableRes
android.support.annotation.XmlRes
android.support.v4.accessibilityservice.AccessibilityServiceInfoCompat:
    public static final int CAPABILITY_CAN_RETRIEVE_WINDOW_CONTENT
    public static final int CAPABILITY_CAN_REQUEST_TOUCH_EXPLORATION
    public static final int CAPABILITY_CAN_REQUEST_ENHANCED_WEB_ACCESSIBILITY
    public static final int CAPABILITY_CAN_FILTER_KEY_EVENTS
    public static final int FEEDBACK_BRAILLE
    public static final int FEEDBACK_ALL_MASK
    public static final int DEFAULT
    public static final int FLAG_INCLUDE_NOT_IMPORTANT_VIEWS
    public static final int FLAG_REQUEST_TOUCH_EXPLORATION_MODE
    public static final int FLAG_REQUEST_ENHANCED_WEB_ACCESSIBILITY
    public static final int FLAG_REPORT_VIEW_IDS
    public static final int FLAG_REQUEST_FILTER_KEY_EVENTS
android.support.v4.app.ActionBarDrawerToggle:
    private static final float TOGGLE_DRAWABLE_OFFSET
    private static final int ID_HOME
android.support.v4.app.ActionBarDrawerToggleHoneycomb:
    private static final java.lang.String TAG
android.support.v4.app.ActionBarDrawerToggleJellybeanMR2:
    private static final java.lang.String TAG
android.support.v4.app.ActivityCompatHoneycomb:
    34:35:static void dump(android.app.Activity,java.lang.String,java.io.FileDescriptor,java.io.PrintWriter,java.lang.String[])
android.support.v4.app.BackStackRecord:
    static final java.lang.String TAG
    static final int OP_NULL
    static final int OP_ADD
    static final int OP_REPLACE
    static final int OP_REMOVE
    static final int OP_HIDE
    static final int OP_SHOW
    static final int OP_DETACH
    static final int OP_ATTACH
android.support.v4.app.DialogFragment:
    public static final int STYLE_NORMAL
    public static final int STYLE_NO_TITLE
    public static final int STYLE_NO_FRAME
    public static final int STYLE_NO_INPUT
    private static final java.lang.String SAVED_DIALOG_STATE_TAG
    private static final java.lang.String SAVED_STYLE
    private static final java.lang.String SAVED_THEME
    private static final java.lang.String SAVED_CANCELABLE
    private static final java.lang.String SAVED_SHOWS_DIALOG
    private static final java.lang.String SAVED_BACK_STACK_ID
android.support.v4.app.Fragment:
    static final int INITIALIZING
    static final int CREATED
    static final int ACTIVITY_CREATED
    static final int STOPPED
    static final int STARTED
    static final int RESUMED
android.support.v4.app.FragmentActivity:
    private static final java.lang.String TAG
    static final java.lang.String FRAGMENTS_TAG
    private static final int HONEYCOMB
    static final int MSG_REALLY_STOPPED
    static final int MSG_RESUME_PENDING
android.support.v4.app.FragmentActivity$FragmentTag:
    public static final int Fragment_id
    public static final int Fragment_name
    public static final int Fragment_tag
android.support.v4.app.FragmentManager:
    public static final int POP_BACK_STACK_INCLUSIVE